app/build/outputs/logs/manifest-merger-debug-report.txt
-- Merging decision tree log ---
manifest
ADDED from src\main\AndroidManifest.xml:2:1-233:12
	package
		ADDED from src\main\AndroidManifest.xml:3:5-29
		INJECTED from src\main\AndroidManifest.xml
		INJECTED from src\main\AndroidManifest.xml
	android:versionName
		ADDED from src\main\AndroidManifest.xml:5:5-30
	android:versionCode
		ADDED from src\main\AndroidManifest.xml:4:5-28
		INJECTED from src\main\AndroidManifest.xml
		INJECTED from src\main\AndroidManifest.xml
	xmlns:android
		ADDED from src\main\AndroidManifest.xml:2:11-69
uses-sdk
ADDED from src\main\AndroidManifest.xml:7:5-9:41
MERGED from [com.android.support:multidex:1.0.1] AndroidManifest.xml:18:5-42
MERGED from [com.android.support:appcompat-v7:23.1.1] AndroidManifest.xml:20:5-43
MERGED from [com.android.support:support-v4:23.1.1] AndroidManifest.xml:20:5-43
MERGED from [com.android.support:design:23.1.1] AndroidManifest.xml:20:5-43
MERGED from [com.android.support:appcompat-v7:23.1.1] AndroidManifest.xml:20:5-43
MERGED from [com.android.support:support-v4:23.1.1] AndroidManifest.xml:20:5-43
MERGED from [com.android.support:recyclerview-v7:23.1.1] AndroidManifest.xml:20:5-43
MERGED from [com.android.support:support-v4:23.1.1] AndroidManifest.xml:20:5-43
MERGED from [com.android.support:support-v4:23.1.1] AndroidManifest.xml:20:5-43
	android:targetSdkVersion
		ADDED from src\main\AndroidManifest.xml:9:9-38
		INJECTED from src\main\AndroidManifest.xml
		INJECTED from src\main\AndroidManifest.xml
	android:minSdkVersion
		ADDED from src\main\AndroidManifest.xml:8:9-35
		INJECTED from src\main\AndroidManifest.xml
		INJECTED from src\main\AndroidManifest.xml
uses-permission#android.permission.INTERNET
ADDED from src\main\AndroidManifest.xml:11:5-67
	android:name
		ADDED from src\main\AndroidManifest.xml:11:22-64
uses-permission#android.permission.ACCESS_NETWORK_STATE
ADDED from src\main\AndroidManifest.xml:12:5-79
	android:name
		ADDED from src\main\AndroidManifest.xml:12:22-76
uses-permission#android.permission.WAKE_LOCK
ADDED from src\main\AndroidManifest.xml:13:5-68
	android:name
		ADDED from src\main\AndroidManifest.xml:13:22-65
uses-permission#android.permission.VIBRATE
ADDED from src\main\AndroidManifest.xml:14:5-66
	android:name
		ADDED from src\main\AndroidManifest.xml:14:22-63
uses-permission#android.permission.RECEIVE_BOOT_COMPLETED
ADDED from src\main\AndroidManifest.xml:15:5-81
	android:name
		ADDED from src\main\AndroidManifest.xml:15:22-78
uses-permission#android.permission.GET_ACCOUNTS
ADDED from src\main\AndroidManifest.xml:16:5-71
	android:name
		ADDED from src\main\AndroidManifest.xml:16:22-68
uses-permission#com.google.android.c2dm.permission.RECEIVE
ADDED from src\main\AndroidManifest.xml:17:5-82
	android:name
		ADDED from src\main\AndroidManifest.xml:17:22-79
uses-permission#android.permission.WRITE_EXTERNAL_STORAGE
ADDED from src\main\AndroidManifest.xml:18:5-81
	android:name
		ADDED from src\main\AndroidManifest.xml:18:22-78
permission#com.tcs.tvmilp.permission.C2D_MESSAGE
ADDED from src\main\AndroidManifest.xml:24:5-26:47
	android:protectionLevel
		ADDED from src\main\AndroidManifest.xml:26:9-44
	android:name
		ADDED from src\main\AndroidManifest.xml:25:9-61
uses-permission#com.tcs.tvmilp.permission.C2D_MESSAGE
ADDED from src\main\AndroidManifest.xml:28:5-77
	android:name
		ADDED from src\main\AndroidManifest.xml:28:22-74
android:uses-permission#android.permission.READ_PHONE_STATE
ADDED from src\main\AndroidManifest.xml:30:5-83
	android:name
		ADDED from src\main\AndroidManifest.xml:30:30-80
android:uses-permission#android.permission.READ_EXTERNAL_STORAGE
ADDED from src\main\AndroidManifest.xml:31:5-88
	android:name
		ADDED from src\main\AndroidManifest.xml:31:30-85
application
ADDED from src\main\AndroidManifest.xml:33:5-231:19
MERGED from [com.android.support:appcompat-v7:23.1.1] AndroidManifest.xml:22:5-20
MERGED from [com.android.support:support-v4:23.1.1] AndroidManifest.xml:22:5-20
MERGED from [com.android.support:design:23.1.1] AndroidManifest.xml:22:5-20
MERGED from [com.android.support:appcompat-v7:23.1.1] AndroidManifest.xml:22:5-20
MERGED from [com.android.support:support-v4:23.1.1] AndroidManifest.xml:22:5-20
MERGED from [com.android.support:support-v4:23.1.1] AndroidManifest.xml:22:5-20
MERGED from [com.android.support:support-v4:23.1.1] AndroidManifest.xml:22:5-20
	android:label
		ADDED from src\main\AndroidManifest.xml:37:9-41
	android:allowBackup
		ADDED from src\main\AndroidManifest.xml:35:9-35
	android:icon
		ADDED from src\main\AndroidManifest.xml:36:9-45
	android:theme
		ADDED from src\main\AndroidManifest.xml:38:9-47
	android:name
		ADDED from src\main\AndroidManifest.xml:34:9-39
activity#com.tcs.tvmilp.Launcher
ADDED from src\main\AndroidManifest.xml:39:9-47:20
	android:label
		ADDED from src\main\AndroidManifest.xml:41:13-45
	android:name
		ADDED from src\main\AndroidManifest.xml:40:13-37
intent-filter#android.intent.action.MAIN+android.intent.category.LAUNCHER
ADDED from src\main\AndroidManifest.xml:42:13-46:29
action#android.intent.action.MAIN
ADDED from src\main\AndroidManifest.xml:43:17-69
	android:name
		ADDED from src\main\AndroidManifest.xml:43:25-66
category#android.intent.category.LAUNCHER
ADDED from src\main\AndroidManifest.xml:45:17-77
	android:name
		ADDED from src\main\AndroidManifest.xml:45:27-74
activity#com.tcs.tvmilp.Login
ADDED from src\main\AndroidManifest.xml:48:9-54:20
	android:name
		ADDED from src\main\AndroidManifest.xml:48:19-40
intent-filter#android.intent.action.LOGIN+android.intent.category.DEFAULT
ADDED from src\main\AndroidManifest.xml:49:13-53:29
action#android.intent.action.LOGIN
ADDED from src\main\AndroidManifest.xml:50:17-70
	android:name
		ADDED from src\main\AndroidManifest.xml:50:25-67
category#android.intent.category.DEFAULT
ADDED from src\main\AndroidManifest.xml:52:17-76
	android:name
		ADDED from src\main\AndroidManifest.xml:52:27-73
activity#com.tcs.tvmilp.Ilpapplication
ADDED from src\main\AndroidManifest.xml:55:9-61:20
	android:name
		ADDED from src\main\AndroidManifest.xml:55:19-49
intent-filter#android.intent.action.ILPAPPLICATION+android.intent.category.DEFAULT
ADDED from src\main\AndroidManifest.xml:56:13-60:29
action#android.intent.action.ILPAPPLICATION
ADDED from src\main\AndroidManifest.xml:57:17-79
	android:name
		ADDED from src\main\AndroidManifest.xml:57:25-76
activity#com.tcs.tvmilp.ParseRegister
ADDED from src\main\AndroidManifest.xml:62:9-68:20
	android:name
		ADDED from src\main\AndroidManifest.xml:62:19-48
intent-filter#android.intent.action.PARSEREGISTER+android.intent.category.DEFAULT
ADDED from src\main\AndroidManifest.xml:63:13-67:29
action#android.intent.action.PARSEREGISTER
ADDED from src\main\AndroidManifest.xml:64:17-78
	android:name
		ADDED from src\main\AndroidManifest.xml:64:25-75
activity#com.tcs.tvmilp.RegisterActivity
ADDED from src\main\AndroidManifest.xml:69:9-77:20
	android:windowSoftInputMode
		ADDED from src\main\AndroidManifest.xml:71:13-52
	android:name
		ADDED from src\main\AndroidManifest.xml:70:13-45
intent-filter#android.intent.action.REGISTERACTIVITY+android.intent.category.DEFAULT
ADDED from src\main\AndroidManifest.xml:72:13-76:29
action#android.intent.action.REGISTERACTIVITY
ADDED from src\main\AndroidManifest.xml:73:17-81
	android:name
		ADDED from src\main\AndroidManifest.xml:73:25-78
activity#com.tcs.tvmilp.SuperLogin
ADDED from src\main\AndroidManifest.xml:78:9-84:20
	android:name
		ADDED from src\main\AndroidManifest.xml:78:19-45
intent-filter#android.intent.action.SUPERLOGIN+android.intent.category.DEFAULT
ADDED from src\main\AndroidManifest.xml:79:13-83:29
action#android.intent.action.SUPERLOGIN
ADDED from src\main\AndroidManifest.xml:80:17-75
	android:name
		ADDED from src\main\AndroidManifest.xml:80:25-72
activity#com.tcs.tvmilp.UserList
ADDED from src\main\AndroidManifest.xml:85:9-91:20
	android:name
		ADDED from src\main\AndroidManifest.xml:85:19-43
intent-filter#android.intent.action.USERLIST+android.intent.category.DEFAULT
ADDED from src\main\AndroidManifest.xml:86:13-90:29
action#android.intent.action.USERLIST
ADDED from src\main\AndroidManifest.xml:87:17-73
	android:name
		ADDED from src\main\AndroidManifest.xml:87:25-70
activity#com.tcs.tvmilp.helper.DatabaseHandler
ADDED from src\main\AndroidManifest.xml:92:9-98:20
	android:name
		ADDED from src\main\AndroidManifest.xml:92:19-57
intent-filter#android.intent.action.DATABASEHANDLER+android.intent.category.DEFAULT
ADDED from src\main\AndroidManifest.xml:93:13-97:29
action#android.intent.action.DATABASEHANDLER
ADDED from src\main\AndroidManifest.xml:94:17-80
	android:name
		ADDED from src\main\AndroidManifest.xml:94:25-77
activity#com.tcs.tvmilp.activity.ChatPage
ADDED from src\main\AndroidManifest.xml:99:9-105:20
	android:name
		ADDED from src\main\AndroidManifest.xml:99:19-52
intent-filter#android.intent.action.CHATPAGE+android.intent.category.DEFAULT
ADDED from src\main\AndroidManifest.xml:100:13-104:29
action#android.intent.action.CHATPAGE
ADDED from src\main\AndroidManifest.xml:101:17-73
	android:name
		ADDED from src\main\AndroidManifest.xml:101:25-70
activity#com.tcs.tvmilp.UserDetails
ADDED from src\main\AndroidManifest.xml:106:9-112:20
	android:name
		ADDED from src\main\AndroidManifest.xml:106:19-46
intent-filter#android.intent.action.USERDETAILS+android.intent.category.DEFAULT
ADDED from src\main\AndroidManifest.xml:107:13-111:29
action#android.intent.action.USERDETAILS
ADDED from src\main\AndroidManifest.xml:108:17-76
	android:name
		ADDED from src\main\AndroidManifest.xml:108:25-73
activity#com.tcs.tvmilp.PushReceiver
ADDED from src\main\AndroidManifest.xml:113:9-119:20
	android:name
		ADDED from src\main\AndroidManifest.xml:113:19-47
intent-filter#android.intent.action.PUSHRECEIVER+android.intent.category.DEFAULT
ADDED from src\main\AndroidManifest.xml:114:13-118:29
action#android.intent.action.PUSHRECEIVER
ADDED from src\main\AndroidManifest.xml:115:17-77
	android:name
		ADDED from src\main\AndroidManifest.xml:115:25-74
activity#com.tcs.tvmilp.SelectGroup
ADDED from src\main\AndroidManifest.xml:120:9-126:20
	android:name
		ADDED from src\main\AndroidManifest.xml:120:19-46
intent-filter#android.intent.action.SELECTGROUP+android.intent.category.DEFAULT
ADDED from src\main\AndroidManifest.xml:121:13-125:29
action#android.intent.action.SELECTGROUP
ADDED from src\main\AndroidManifest.xml:122:17-76
	android:name
		ADDED from src\main\AndroidManifest.xml:122:25-73
activity#com.tcs.tvmilp.activity.CreateGroup
ADDED from src\main\AndroidManifest.xml:127:9-133:20
	android:name
		ADDED from src\main\AndroidManifest.xml:127:19-55
intent-filter#android.intent.action.CREATEGROUP+android.intent.category.DEFAULT
ADDED from src\main\AndroidManifest.xml:128:13-132:29
action#android.intent.action.CREATEGROUP
ADDED from src\main\AndroidManifest.xml:129:17-76
	android:name
		ADDED from src\main\AndroidManifest.xml:129:25-73
activity#com.tcs.tvmilp.DialogCreateGroup
ADDED from src\main\AndroidManifest.xml:134:9-142:20
	android:theme
		ADDED from src\main\AndroidManifest.xml:136:13-56
	android:name
		ADDED from src\main\AndroidManifest.xml:135:13-46
intent-filter#android.intent.action.DIALOGCREATEGROUP+android.intent.category.DEFAULT
ADDED from src\main\AndroidManifest.xml:137:13-141:29
action#android.intent.action.DIALOGCREATEGROUP
ADDED from src\main\AndroidManifest.xml:138:17-82
	android:name
		ADDED from src\main\AndroidManifest.xml:138:25-79
activity#com.tcs.tvmilp.DeleteDialog
ADDED from src\main\AndroidManifest.xml:143:9-151:20
	android:theme
		ADDED from src\main\AndroidManifest.xml:145:13-56
	android:name
		ADDED from src\main\AndroidManifest.xml:144:13-41
intent-filter#android.intent.action.DELETEDIALOG+android.intent.category.DEFAULT
ADDED from src\main\AndroidManifest.xml:146:13-150:29
action#android.intent.action.DELETEDIALOG
ADDED from src\main\AndroidManifest.xml:147:17-77
	android:name
		ADDED from src\main\AndroidManifest.xml:147:25-74
activity#com.tcs.tvmilp.activity.ConfirmMakeAdmin
ADDED from src\main\AndroidManifest.xml:152:9-160:20
	android:theme
		ADDED from src\main\AndroidManifest.xml:154:13-56
	android:name
		ADDED from src\main\AndroidManifest.xml:153:13-54
intent-filter#android.intent.action.CONFIRMMAKEADMIN+android.intent.category.DEFAULT
ADDED from src\main\AndroidManifest.xml:155:13-159:29
action#android.intent.action.CONFIRMMAKEADMIN
ADDED from src\main\AndroidManifest.xml:156:17-81
	android:name
		ADDED from src\main\AndroidManifest.xml:156:25-78
activity#com.tcs.tvmilp.activity.ConfirmSelectGroup
ADDED from src\main\AndroidManifest.xml:161:9-169:20
	android:theme
		ADDED from src\main\AndroidManifest.xml:163:13-56
	android:name
		ADDED from src\main\AndroidManifest.xml:162:13-56
intent-filter#android.intent.action.CONFIRMSELECTGROUP+android.intent.category.DEFAULT
ADDED from src\main\AndroidManifest.xml:164:13-168:29
action#android.intent.action.CONFIRMSELECTGROUP
ADDED from src\main\AndroidManifest.xml:165:17-83
	android:name
		ADDED from src\main\AndroidManifest.xml:165:25-80
activity#com.tcs.tvmilp.activity.ConfirmRemoveGroup
ADDED from src\main\AndroidManifest.xml:170:9-178:20
	android:theme
		ADDED from src\main\AndroidManifest.xml:172:13-56
	android:name
		ADDED from src\main\AndroidManifest.xml:171:13-56
intent-filter#android.intent.action.CONFIRMREMOVEGROUP+android.intent.category.DEFAULT
ADDED from src\main\AndroidManifest.xml:173:13-177:29
action#android.intent.action.CONFIRMREMOVEGROUP
ADDED from src\main\AndroidManifest.xml:174:17-83
	android:name
		ADDED from src\main\AndroidManifest.xml:174:25-80
activity#com.tcs.tvmilp.activity.AttachActivity
ADDED from src\main\AndroidManifest.xml:179:9-187:20
	android:theme
		ADDED from src\main\AndroidManifest.xml:181:13-56
	android:name
		ADDED from src\main\AndroidManifest.xml:180:13-52
intent-filter#android.intent.action.ATTACHACTIVITY+android.intent.category.DEFAULT
ADDED from src\main\AndroidManifest.xml:182:13-186:29
action#android.intent.action.ATTACHACTIVITY
ADDED from src\main\AndroidManifest.xml:183:17-79
	android:name
		ADDED from src\main\AndroidManifest.xml:183:25-76
activity#com.tcs.tvmilp.SuperAGrant
ADDED from src\main\AndroidManifest.xml:188:9-194:20
	android:name
		ADDED from src\main\AndroidManifest.xml:188:19-46
intent-filter#android.intent.action.SUPERAGRANT+android.intent.category.DEFAULT
ADDED from src\main\AndroidManifest.xml:189:13-193:29
action#android.intent.action.SUPERAGRANT
ADDED from src\main\AndroidManifest.xml:190:17-76
	android:name
		ADDED from src\main\AndroidManifest.xml:190:25-73
activity#paul.arian.fileselector.FileSelectionActivity
ADDED from src\main\AndroidManifest.xml:195:9-82
	android:name
		ADDED from src\main\AndroidManifest.xml:195:19-79
activity#paul.arian.fileselector.FolderSelectionActivity
ADDED from src\main\AndroidManifest.xml:196:9-84
	android:name
		ADDED from src\main\AndroidManifest.xml:196:19-81
service#com.parse.PushService
ADDED from src\main\AndroidManifest.xml:198:9-57
	android:name
		ADDED from src\main\AndroidManifest.xml:198:18-54
receiver#com.parse.ParseBroadcastReceiver
ADDED from src\main\AndroidManifest.xml:200:9-205:20
	android:name
		ADDED from src\main\AndroidManifest.xml:200:19-66
intent-filter#android.intent.action.BOOT_COMPLETED+android.intent.action.USER_PRESENT
ADDED from src\main\AndroidManifest.xml:201:13-204:29
action#android.intent.action.BOOT_COMPLETED
ADDED from src\main\AndroidManifest.xml:202:17-79
	android:name
		ADDED from src\main\AndroidManifest.xml:202:25-76
action#android.intent.action.USER_PRESENT
ADDED from src\main\AndroidManifest.xml:203:17-77
	android:name
		ADDED from src\main\AndroidManifest.xml:203:25-74
receiver#com.tcs.tvmilp.PushReceiver
ADDED from src\main\AndroidManifest.xml:206:9-214:20
	android:exported
		ADDED from src\main\AndroidManifest.xml:208:13-37
	android:name
		ADDED from src\main\AndroidManifest.xml:207:13-41
intent-filter#com.parse.push.intent.DELETE+com.parse.push.intent.OPEN+com.parse.push.intent.RECEIVE
ADDED from src\main\AndroidManifest.xml:209:13-213:29
action#com.parse.push.intent.RECEIVE
ADDED from src\main\AndroidManifest.xml:210:17-72
	android:name
		ADDED from src\main\AndroidManifest.xml:210:25-69
action#com.parse.push.intent.DELETE
ADDED from src\main\AndroidManifest.xml:211:17-71
	android:name
		ADDED from src\main\AndroidManifest.xml:211:25-68
action#com.parse.push.intent.OPEN
ADDED from src\main\AndroidManifest.xml:212:17-69
	android:name
		ADDED from src\main\AndroidManifest.xml:212:25-66
receiver#com.parse.GcmBroadcastReceiver
ADDED from src\main\AndroidManifest.xml:215:9-225:20
	android:permission
		ADDED from src\main\AndroidManifest.xml:217:13-73
	android:name
		ADDED from src\main\AndroidManifest.xml:216:13-58
intent-filter#com.google.android.c2dm.intent.RECEIVE+com.google.android.c2dm.intent.REGISTRATION+com.tcs.tvmilp
ADDED from src\main\AndroidManifest.xml:218:13-224:29
action#com.google.android.c2dm.intent.RECEIVE
ADDED from src\main\AndroidManifest.xml:219:17-81
	android:name
		ADDED from src\main\AndroidManifest.xml:219:25-78
action#com.google.android.c2dm.intent.REGISTRATION
ADDED from src\main\AndroidManifest.xml:220:17-86
	android:name
		ADDED from src\main\AndroidManifest.xml:220:25-83
category#com.tcs.tvmilp
ADDED from src\main\AndroidManifest.xml:223:17-59
	android:name
		ADDED from src\main\AndroidManifest.xml:223:27-56
activity#com.tcs.tvmilp.MainActivity
ADDED from src\main\AndroidManifest.xml:227:9-230:20
	android:label
		ADDED from src\main\AndroidManifest.xml:229:13-56
	android:name
		ADDED from src\main\AndroidManifest.xml:228:13-41